08-10-2011 03:56:22, Melakukan Proses Genetika Algoritma
Jumlah Populasi = 100
Maks Genenerasi = 10
Elitism = 40
% Mutasi = 12 %
% Crossover = 100 %
!!!!!!!!!!!!!!!!!!!!!! GAGAL !!!!!!!!!!!!!!!!!!!!!!

09-10-2011 03:09:27, Melakukan Proses Genetika Algoritma
Jumlah Populasi = 100
Maks Genenerasi = 10000
Elitism = 10
% Mutasi = 12 %
% Crossover = 100 %
================
S  O  A  L   
sangat mudah
================
086 | 000 | 720
000 | 908 | 000
430 | 070 | 056
-----------------------
001 | 807 | 400
800 | 000 | 001
002 | 403 | 600
-----------------------
910 | 030 | 042
000 | 502 | 000
065 | 000 | 930
14-10-2011 01:19:31, Melakukan Proses Genetika Algoritma
Jumlah Populasi = 100
Maks Genenerasi = 100000
Elitism = 0
% Mutasi = 20 %
% Crossover = 90 %
================
S  O  A  L   
sangat mudah
================
206 | 000 | 700
078 | 094 | 200
030 | 205 | 060
-----------------------
910 | 700 | 050
000 | 952 | 000
060 | 008 | 023
-----------------------
020 | 809 | 070
005 | 460 | 180
001 | 000 | 304
14-10-2011 01:21:47, Melakukan Proses Genetika Algoritma
Jumlah Populasi = 100
Maks Genenerasi = 10000
Elitism = 0
% Mutasi = 20 %
% Crossover = 90 %
*************** SUKSES ****************

Ditemukan pada generasi = 941
================
    Jawaban
================
256 | 381 | 749
178 | 694 | 235
439 | 275 | 861
-----------------------
912 | 736 | 458
843 | 952 | 617
567 | 148 | 923
-----------------------
324 | 819 | 576
795 | 463 | 182
681 | 527 | 394
############################################################
================
S  O  A  L   
sangat mudah
================
086 | 000 | 720
000 | 908 | 000
430 | 070 | 056
-----------------------
001 | 807 | 400
800 | 000 | 001
002 | 403 | 600
-----------------------
910 | 030 | 042
000 | 502 | 000
065 | 000 | 930

-----------------------------------------------------------
14-10-2011 20:23:58, Melakukan Proses Genetika Algoritma
-----------------------------------------------------------
Jumlah Populasi = 100
Maks Genenerasi = 100
Elitism = 0
% Mutasi = 20 %
% Crossover = 90 %
!!!!!!!!!!!!!!!!!!!!!! GAGAL !!!!!!!!!!!!!!!!!!!!!!

Nilai Fitness Terbaik = 52
================
 Hasil terbaik
================
286 | 435 | 721
571 | 928 | 394
439 | 671 | 856
-----------------------
671 | 867 | 479
854 | 259 | 231
932 | 413 | 685
-----------------------
917 | 136 | 142
438 | 542 | 576
265 | 978 | 938

############################################################
================
S  O  A  L   
sangat mudah
================
086 | 000 | 720
000 | 908 | 000
430 | 070 | 056
-----------------------
001 | 807 | 400
800 | 000 | 001
002 | 403 | 600
-----------------------
910 | 030 | 042
000 | 502 | 000
065 | 000 | 930

-----------------------------------------------------------
14-10-2011 20:24:01, Melakukan Proses Genetika Algoritma
-----------------------------------------------------------
Jumlah Populasi = 100
Maks Genenerasi = 100
Elitism = 0
% Mutasi = 20 %
% Crossover = 90 %
!!!!!!!!!!!!!!!!!!!!!! GAGAL !!!!!!!!!!!!!!!!!!!!!!

Nilai Fitness Terbaik = 31
================
 Hasil terbaik
================
186 | 345 | 729
259 | 968 | 314
437 | 271 | 856
-----------------------
691 | 827 | 495
843 | 961 | 271
572 | 453 | 683
-----------------------
914 | 731 | 542
738 | 592 | 186
265 | 864 | 937

############################################################
================
S  O  A  L   
sangat mudah
================
086 | 000 | 720
000 | 908 | 000
430 | 070 | 056
-----------------------
001 | 807 | 400
800 | 000 | 001
002 | 403 | 600
-----------------------
910 | 030 | 042
000 | 502 | 000
065 | 000 | 930

-----------------------------------------------------------
14-10-2011 20:24:03, Melakukan Proses Genetika Algoritma
-----------------------------------------------------------
Jumlah Populasi = 100
Maks Genenerasi = 100
Elitism = 0
% Mutasi = 20 %
% Crossover = 90 %
!!!!!!!!!!!!!!!!!!!!!! GAGAL !!!!!!!!!!!!!!!!!!!!!!

Nilai Fitness Terbaik = 31
================
 Hasil terbaik
================
986 | 513 | 729
275 | 968 | 314
431 | 274 | 856
-----------------------
651 | 827 | 493
843 | 659 | 271
972 | 413 | 658
-----------------------
912 | 437 | 542
348 | 582 | 168
765 | 691 | 937

############################################################
================
S  O  A  L   
sangat mudah
================
907 | 000 | 600
016 | 094 | 300
050 | 201 | 080
-----------------------
740 | 900 | 030
000 | 435 | 000
080 | 007 | 025
-----------------------
070 | 309 | 060
002 | 140 | 870
004 | 000 | 209

-----------------------------------------------------------
14-10-2011 20:48:43, Melakukan Proses Genetika Algoritma
-----------------------------------------------------------
Jumlah Populasi = 100
Maks Genenerasi = 1000
Elitism = 0
% Mutasi = 20 %
% Crossover = 90 %
############################################################
================
S  O  A  L   
sangat mudah
================
000 | 409 | 580
790 | 008 | 010
104 | 500 | 200
-----------------------
450 | 206 | 708
000 | 000 | 000
309 | 801 | 054
-----------------------
008 | 002 | 903
040 | 600 | 072
067 | 103 | 000

-----------------------------------------------------------
14-10-2011 20:51:30, Melakukan Proses Genetika Algoritma
-----------------------------------------------------------
Jumlah Populasi = 100
Maks Genenerasi = 100
Elitism = 0
% Mutasi = 20 %
% Crossover = 90 %
!!!!!!!!!!!!!!!!!!!!!! GAGAL !!!!!!!!!!!!!!!!!!!!!!

Nilai Fitness Terbaik = 41
================
 Hasil terbaik
================
000 | 409 | 580
790 | 008 | 010
104 | 500 | 200
-----------------------
450 | 206 | 708
000 | 000 | 000
309 | 801 | 054
-----------------------
008 | 002 | 903
040 | 600 | 072
067 | 103 | 000

############################################################
================
S  O  A  L   
sangat mudah
================
000 | 409 | 580
790 | 008 | 010
104 | 500 | 200
-----------------------
450 | 206 | 708
000 | 000 | 000
309 | 801 | 054
-----------------------
008 | 002 | 903
040 | 600 | 072
067 | 103 | 000

-----------------------------------------------------------
14-10-2011 20:51:40, Melakukan Proses Genetika Algoritma
-----------------------------------------------------------
Jumlah Populasi = 100
Maks Genenerasi = 100
Elitism = 0
% Mutasi = 20 %
% Crossover = 90 %
!!!!!!!!!!!!!!!!!!!!!! GAGAL !!!!!!!!!!!!!!!!!!!!!!

Nilai Fitness Terbaik = 41
================
 Hasil terbaik
================
000 | 409 | 580
790 | 008 | 010
104 | 500 | 200
-----------------------
450 | 206 | 708
000 | 000 | 000
309 | 801 | 054
-----------------------
008 | 002 | 903
040 | 600 | 072
067 | 103 | 000

############################################################
================
S  O  A  L   
sangat mudah
================
000 | 409 | 580
790 | 008 | 010
104 | 500 | 200
-----------------------
450 | 206 | 708
000 | 000 | 000
309 | 801 | 054
-----------------------
008 | 002 | 903
040 | 600 | 072
067 | 103 | 000

-----------------------------------------------------------
14-10-2011 20:56:22, Melakukan Proses Genetika Algoritma
-----------------------------------------------------------
Jumlah Populasi = 100
Maks Genenerasi = 100
Elitism = 0
% Mutasi = 20 %
% Crossover = 90 %
!!!!!!!!!!!!!!!!!!!!!! GAGAL !!!!!!!!!!!!!!!!!!!!!!

Nilai Fitness Terbaik = 41
############################################################
================
S  O  A  L   
sangat mudah
================
000 | 409 | 580
790 | 008 | 010
104 | 500 | 200
-----------------------
450 | 206 | 708
000 | 000 | 000
309 | 801 | 054
-----------------------
008 | 002 | 903
040 | 600 | 072
067 | 103 | 000

-----------------------------------------------------------
14-10-2011 20:58:14, Melakukan Proses Genetika Algoritma
-----------------------------------------------------------
Jumlah Populasi = 100
Maks Genenerasi = 1000
Elitism = 0
% Mutasi = 20 %
% Crossover = 90 %
!!!!!!!!!!!!!!!!!!!!!! GAGAL !!!!!!!!!!!!!!!!!!!!!!

Nilai Fitness Terbaik = 10
================
 Hasil terbaik
================
000 | 409 | 580
790 | 008 | 010
104 | 500 | 200
-----------------------
450 | 206 | 708
000 | 000 | 000
309 | 801 | 054
-----------------------
008 | 002 | 903
040 | 600 | 072
067 | 103 | 000

############################################################
================
S  O  A  L   
sangat mudah
================
200 | 803 | 000
360 | 000 | 079
010 | 020 | 600
-----------------------
070 | 350 | 001
005 | 000 | 300
600 | 048 | 090
-----------------------
001 | 070 | 030
940 | 000 | 068
000 | 204 | 005

-----------------------------------------------------------
14-10-2011 20:59:54, Melakukan Proses Genetika Algoritma
-----------------------------------------------------------
Jumlah Populasi = 100
Maks Genenerasi = 1000
Elitism = 0
% Mutasi = 20 %
% Crossover = 90 %
!!!!!!!!!!!!!!!!!!!!!! GAGAL !!!!!!!!!!!!!!!!!!!!!!

Nilai Fitness Terbaik = 20
================
 Hasil terbaik
================
200 | 803 | 000
360 | 000 | 079
010 | 020 | 600
-----------------------
070 | 350 | 001
005 | 000 | 300
600 | 048 | 090
-----------------------
001 | 070 | 030
940 | 000 | 068
000 | 204 | 005

############################################################
================
S  O  A  L   
sangat mudah
================
200 | 803 | 000
360 | 000 | 079
010 | 020 | 600
-----------------------
070 | 350 | 001
005 | 000 | 300
600 | 048 | 090
-----------------------
001 | 070 | 030
940 | 000 | 068
000 | 204 | 005

-----------------------------------------------------------
14-10-2011 21:00:18, Melakukan Proses Genetika Algoritma
-----------------------------------------------------------
Jumlah Populasi = 100
Maks Genenerasi = 1000
Elitism = 0
% Mutasi = 20 %
% Crossover = 90 %
!!!!!!!!!!!!!!!!!!!!!! GAGAL !!!!!!!!!!!!!!!!!!!!!!

Nilai Fitness Terbaik = 14
================
 Hasil terbaik
================
200 | 803 | 000
360 | 000 | 079
010 | 020 | 600
-----------------------
070 | 350 | 001
005 | 000 | 300
600 | 048 | 090
-----------------------
001 | 070 | 030
940 | 000 | 068
000 | 204 | 005

############################################################
================
S  O  A  L   
sangat mudah
================
000 | 409 | 580
790 | 008 | 010
104 | 500 | 200
-----------------------
450 | 206 | 708
000 | 000 | 000
309 | 801 | 054
-----------------------
008 | 002 | 903
040 | 600 | 072
067 | 103 | 000

-----------------------------------------------------------
14-10-2011 21:24:27, Melakukan Proses Genetika Algoritma
-----------------------------------------------------------
Jumlah Populasi = 100
Maks Genenerasi = 100
Elitism = 0
% Mutasi = 20 %
% Crossover = 90 %
!!!!!!!!!!!!!!!!!!!!!! GAGAL !!!!!!!!!!!!!!!!!!!!!!

Nilai Fitness Terbaik = 44
================
 Hasil terbaik
================
000 | 409 | 580
790 | 008 | 010
104 | 500 | 200
-----------------------
450 | 206 | 708
000 | 000 | 000
309 | 801 | 054
-----------------------
008 | 002 | 903
040 | 600 | 072
067 | 103 | 000

############################################################
================
S  O  A  L   
sangat mudah
================
000 | 409 | 580
790 | 008 | 010
104 | 500 | 200
-----------------------
450 | 206 | 708
000 | 000 | 000
309 | 801 | 054
-----------------------
008 | 002 | 903
040 | 600 | 072
067 | 103 | 000

-----------------------------------------------------------
14-10-2011 21:32:22, Melakukan Proses Genetika Algoritma
-----------------------------------------------------------
Jumlah Populasi = 100
Maks Genenerasi = 100
Elitism = 0
% Mutasi = 20 %
% Crossover = 90 %
!!!!!!!!!!!!!!!!!!!!!! GAGAL !!!!!!!!!!!!!!!!!!!!!!

Nilai Fitness Terbaik = 29
================
 Hasil terbaik
================
000 | 409 | 580
790 | 008 | 010
104 | 500 | 200
-----------------------
450 | 206 | 708
000 | 000 | 000
309 | 801 | 054
-----------------------
008 | 002 | 903
040 | 600 | 072
067 | 103 | 000

